<?xml version="1.0" encoding="UTF-8"?>
<!-- Generated by org.testng.reporters.JUnitReportReporter -->
<testsuite skipped="0" hostname="HDC3-LX-FMRTLC2" name="com.selenium.Example4" tests="1" failures="0" timestamp="31 May 2018 07:41:22 GMT" time="22.115" errors="0">
  <testcase name="enterText" time="22.115" classname="com.selenium.Example4"/>
</testsuite> <!-- com.selenium.Example4 -->
