<?xml version="1.0" encoding="UTF-8"?>
<!-- Generated by org.testng.reporters.JUnitReportReporter -->
<testsuite skipped="0" hostname="HDC3-LX-FMRTLC2" name="com.selenium.Example7" tests="1" failures="0" timestamp="01 Jun 2018 13:36:01 GMT" time="23.670" errors="0">
  <testcase name="enterText" time="23.670" classname="com.selenium.Example7"/>
</testsuite> <!-- com.selenium.Example7 -->
