<?xml version="1.0" encoding="UTF-8"?>
<!-- Generated by org.testng.reporters.JUnitReportReporter -->
<testsuite skipped="0" hostname="HDC3-LX-FMRTLC2" name="com.selenium.Example2" tests="1" failures="0" timestamp="31 May 2018 07:00:58 GMT" time="9.565" errors="0">
  <testcase name="enterText" time="9.565" classname="com.selenium.Example2"/>
</testsuite> <!-- com.selenium.Example2 -->
