<?xml version="1.0" encoding="UTF-8"?>
<!-- Generated by org.testng.reporters.JUnitReportReporter -->
<testsuite skipped="0" hostname="HDC3-LX-FMRTLC2" name="com.practice.Ex08_AutoSuggestionBox" tests="1" failures="0" timestamp="08 Jun 2018 13:46:40 GMT" time="44.161" errors="0">
  <testcase name="Reservation" time="44.161" classname="com.practice.Ex08_AutoSuggestionBox"/>
</testsuite> <!-- com.practice.Ex08_AutoSuggestionBox -->
