<?xml version="1.0" encoding="UTF-8"?>
<!-- Generated by org.testng.reporters.JUnitReportReporter -->
<testsuite skipped="0" hostname="HDC3-LX-FMRTLC2" name="com.practice.Ex04_MouseOver" tests="1" failures="0" timestamp="08 Jun 2018 10:06:15 GMT" time="18.277" errors="0">
  <testcase name="mouseOver" time="18.277" classname="com.practice.Ex04_MouseOver"/>
</testsuite> <!-- com.practice.Ex04_MouseOver -->
