<?xml version="1.0" encoding="UTF-8"?>
<!-- Generated by org.testng.reporters.JUnitReportReporter -->
<testsuite skipped="0" hostname="HDC3-LX-FMRTLC2" name="com.selenium.Example3" tests="1" failures="0" timestamp="31 May 2018 07:15:52 GMT" time="7.589" errors="0">
  <testcase name="enterText" time="7.589" classname="com.selenium.Example3"/>
</testsuite> <!-- com.selenium.Example3 -->
