<?xml version="1.0" encoding="UTF-8"?>
<!-- Generated by org.testng.reporters.JUnitReportReporter -->
<testsuite skipped="0" hostname="HDC3-LX-FMRTLC2" name="com.selenium.Example6" tests="1" failures="0" timestamp="01 Jun 2018 04:46:35 GMT" time="17.429" errors="0">
  <testcase name="enterText" time="17.429" classname="com.selenium.Example6"/>
</testsuite> <!-- com.selenium.Example6 -->
