<?xml version="1.0" encoding="UTF-8"?>
<!-- Generated by org.testng.reporters.JUnitReportReporter -->
<testsuite skipped="0" hostname="HDC3-LX-FMRTLC2" name="com.selenium.Example10" tests="1" failures="0" timestamp="05 Jun 2018 07:17:15 GMT" time="11.136" errors="0">
  <testcase name="enterText" time="11.136" classname="com.selenium.Example10"/>
</testsuite> <!-- com.selenium.Example10 -->
