<?xml version="1.0" encoding="UTF-8"?>
<!-- Generated by org.testng.reporters.JUnitReportReporter -->
<testsuite skipped="0" hostname="HDC3-LX-FMRTLC2" name="com.selenium.ScrollInSelenium" tests="1" failures="0" timestamp="07 Jun 2018 07:54:21 GMT" time="30.713" errors="0">
  <testcase name="enterText" time="30.713" classname="com.selenium.ScrollInSelenium"/>
</testsuite> <!-- com.selenium.ScrollInSelenium -->
