<?xml version="1.0" encoding="UTF-8"?>
<!-- Generated by org.testng.reporters.JUnitReportReporter -->
<testsuite skipped="0" hostname="HDC3-LX-FMRTLC2" name="com.selenium.Example5" tests="1" failures="0" timestamp="31 May 2018 07:59:25 GMT" time="65.078" errors="0">
  <testcase name="enterText" time="65.078" classname="com.selenium.Example5"/>
</testsuite> <!-- com.selenium.Example5 -->
