<?xml version="1.0" encoding="UTF-8"?>
<!-- Generated by org.testng.reporters.JUnitReportReporter -->
<testsuite skipped="0" hostname="HDC3-LX-FMRTLC2" name="com.selenium.Example9" tests="1" failures="0" timestamp="05 Jun 2018 04:03:48 GMT" time="8.832" errors="0">
  <testcase name="enterText" time="8.832" classname="com.selenium.Example9"/>
</testsuite> <!-- com.selenium.Example9 -->
