<?xml version="1.0" encoding="UTF-8"?>
<!-- Generated by org.testng.reporters.JUnitReportReporter -->
<testsuite skipped="0" hostname="HDC3-LX-FMRTLC2" name="com.selenium.Example08_WebElement_CalenderTextBoxSelectBox" tests="1" failures="0" timestamp="08 Jun 2018 12:01:15 GMT" time="68.756" errors="0">
  <testcase name="enterText" time="68.756" classname="com.selenium.Example08_WebElement_CalenderTextBoxSelectBox"/>
</testsuite> <!-- com.selenium.Example08_WebElement_CalenderTextBoxSelectBox -->
