<?xml version="1.0" encoding="UTF-8"?>
<!-- Generated by org.testng.reporters.JUnitReportReporter -->
<testsuite skipped="0" hostname="HDC3-LX-FMRTLC2" name="com.selenium.DeleteCookieInSelenium" tests="1" failures="0" timestamp="07 Jun 2018 06:35:01 GMT" time="8.858" errors="0">
  <testcase name="enterText" time="8.858" classname="com.selenium.DeleteCookieInSelenium"/>
</testsuite> <!-- com.selenium.DeleteCookieInSelenium -->
