<?xml version="1.0" encoding="UTF-8"?>
<!-- Generated by org.testng.reporters.JUnitReportReporter -->
<testsuite skipped="0" hostname="HDC3-LX-FMRTLC2" name="com.selenium.AddCookiesInSelenium" tests="1" failures="0" timestamp="07 Jun 2018 06:34:18 GMT" time="9.893" errors="0">
  <testcase name="enterText" time="9.893" classname="com.selenium.AddCookiesInSelenium"/>
</testsuite> <!-- com.selenium.AddCookiesInSelenium -->
