<?xml version="1.0" encoding="UTF-8"?>
<!-- Generated by org.testng.reporters.JUnitReportReporter -->
<testsuite skipped="0" hostname="HDC3-LX-FMRTLC2" name="com.selenium.IFramesInSelenium" tests="1" failures="0" timestamp="07 Jun 2018 09:56:05 GMT" time="8.569" errors="0">
  <testcase name="enterText" time="8.569" classname="com.selenium.IFramesInSelenium"/>
</testsuite> <!-- com.selenium.IFramesInSelenium -->
