<?xml version="1.0" encoding="UTF-8"?>
<!-- Generated by org.testng.reporters.JUnitReportReporter -->
<testsuite skipped="0" hostname="HDC3-LX-FMRTLC2" name="com.selenium.Example11" tests="1" failures="0" timestamp="05 Jun 2018 06:39:41 GMT" time="15.513" errors="0">
  <testcase name="enterText" time="15.513" classname="com.selenium.Example11"/>
</testsuite> <!-- com.selenium.Example11 -->
