<?xml version="1.0" encoding="UTF-8"?>
<!-- Generated by org.testng.reporters.JUnitReportReporter -->
<testsuite skipped="0" hostname="HDC3-LX-FMRTLC2" name="com.selenium.ZoomInZoomOutInSelenium" tests="1" failures="0" timestamp="07 Jun 2018 08:07:42 GMT" time="22.310" errors="0">
  <testcase name="enterText" time="22.310" classname="com.selenium.ZoomInZoomOutInSelenium"/>
</testsuite> <!-- com.selenium.ZoomInZoomOutInSelenium -->
