<?xml version="1.0" encoding="UTF-8"?>
<!-- Generated by org.testng.reporters.JUnitReportReporter -->
<testsuite skipped="0" hostname="HDC3-LX-FMRTLC2" name="com.selenium.Example1" tests="1" failures="0" timestamp="31 May 2018 06:54:06 GMT" time="15.318" errors="0">
  <testcase name="enterDataInTextField" time="15.318" classname="com.selenium.Example1"/>
</testsuite> <!-- com.selenium.Example1 -->
