<?xml version="1.0" encoding="UTF-8"?>
<!-- Generated by org.testng.reporters.JUnitReportReporter -->
<testsuite skipped="0" hostname="HDC3-LX-FMRTLC2" name="com.selenium.DeleteAllCookiesInSelenium" tests="1" failures="0" timestamp="07 Jun 2018 06:35:33 GMT" time="10.729" errors="0">
  <testcase name="enterText" time="10.729" classname="com.selenium.DeleteAllCookiesInSelenium"/>
</testsuite> <!-- com.selenium.DeleteAllCookiesInSelenium -->
