<?xml version="1.0" encoding="UTF-8"?>
<!-- Generated by org.testng.reporters.JUnitReportReporter -->
<testsuite skipped="0" hostname="HDC3-LX-FMRTLC2" name="com.selenium.Example8" tests="1" failures="0" timestamp="04 Jun 2018 04:19:50 GMT" time="41.402" errors="0">
  <testcase name="enterText" time="41.402" classname="com.selenium.Example8"/>
</testsuite> <!-- com.selenium.Example8 -->
