<?xml version="1.0" encoding="UTF-8"?>
<!-- Generated by org.testng.reporters.JUnitReportReporter -->
<testsuite skipped="0" hostname="HDC3-LX-FMRTLC2" name="com.practice.Ex06_MultiWindow" tests="1" failures="0" timestamp="08 Jun 2018 10:33:30 GMT" time="43.026" errors="0">
  <testcase name="MultiWindow" time="43.026" classname="com.practice.Ex06_MultiWindow"/>
</testsuite> <!-- com.practice.Ex06_MultiWindow -->
