<?xml version="1.0" encoding="UTF-8"?>
<!-- Generated by org.testng.reporters.JUnitReportReporter -->
<testsuite skipped="0" hostname="HDC3-LX-FMRTLC2" name="com.selenium.Example12" tests="1" failures="0" timestamp="06 Jun 2018 08:26:17 GMT" time="22.300" errors="0">
  <testcase name="enterText" time="22.300" classname="com.selenium.Example12"/>
</testsuite> <!-- com.selenium.Example12 -->
