<?xml version="1.0" encoding="UTF-8"?>
<!-- Generated by org.testng.reporters.JUnitReportReporter -->
<testsuite skipped="0" hostname="HDC3-LX-FMRTLC2" name="com.practice.Ex01_TextBox" tests="1" failures="0" timestamp="08 Jun 2018 09:32:14 GMT" time="11.478" errors="0">
  <testcase name="enterText" time="11.478" classname="com.practice.Ex01_TextBox"/>
</testsuite> <!-- com.practice.Ex01_TextBox -->
