<?xml version="1.0" encoding="UTF-8"?>
<!-- Generated by org.testng.reporters.JUnitReportReporter -->
<testsuite skipped="0" hostname="HDC3-LX-FMRTLC2" name="com.selenium.Example01_WebElement_TextBox" tests="1" failures="0" timestamp="11 Jun 2018 13:55:18 GMT" time="11.712" errors="0">
  <testcase name="enterDataInTextField" time="11.712" classname="com.selenium.Example01_WebElement_TextBox"/>
</testsuite> <!-- com.selenium.Example01_WebElement_TextBox -->
