<?xml version="1.0" encoding="UTF-8"?>
<!-- Generated by org.testng.reporters.JUnitReportReporter -->
<testsuite skipped="0" hostname="HDC3-LX-FMRTLC2" name="com.practice.Ex07_Calender" tests="1" failures="0" timestamp="08 Jun 2018 11:18:13 GMT" time="36.594" errors="0">
  <testcase name="Calender" time="36.594" classname="com.practice.Ex07_Calender"/>
</testsuite> <!-- com.practice.Ex07_Calender -->
